Arguments: 
  /usr/local/bin/node /usr/local/Cellar/yarn/1.22.0/libexec/bin/yarn.js watch

PATH: 
  /opt/anaconda3/bin:/opt/anaconda3/condabin:/opt/anaconda3/bin:/usr/local/bin:/usr/bin:/bin:/usr/sbin:/sbin:/Library/spark-3.0.0-preview2-bin-hadoop2.7/bin

Yarn version: 
  1.22.0

Node version: 
  12.15.0

Platform: 
  darwin x64

Trace: 
  TypeError [ERR_INVALID_ARG_TYPE]: The "path" argument must be of type string. Received type object
      at validateString (internal/validators.js:112:11)
      at Object.isAbsolute (path.js:1029:5)
      at module.exports.exports.default (/usr/local/Cellar/yarn/1.22.0/libexec/lib/cli.js:101006:16)
      at /usr/local/Cellar/yarn/1.22.0/libexec/lib/cli.js:51524:63
      at Generator.next (<anonymous>)
      at step (/usr/local/Cellar/yarn/1.22.0/libexec/lib/cli.js:310:30)
      at /usr/local/Cellar/yarn/1.22.0/libexec/lib/cli.js:321:13

npm manifest: 
  {
    "requires": true,
    "lockfileVersion": 1,
    "dependencies": {
      "@tensorflow-models/body-pix": {
        "version": "2.0.4",
        "resolved": "https://registry.npmjs.org/@tensorflow-models/body-pix/-/body-pix-2.0.4.tgz",
        "integrity": "sha512-wRoEZBv2BNORDZjNNRLu1W4Td4/LRbaqSJFVWryHeBcHr5m5xSSETwnDfFRtLLofFtVNHfi7VUZ7TFjkaktNug=="
      }
    }
  }

yarn manifest: 
  No manifest

Lockfile: 
  # THIS IS AN AUTOGENERATED FILE. DO NOT EDIT THIS FILE DIRECTLY.
  # yarn lockfile v1
